<?xml version="1.0" encoding="UTF-8"?>
<!-- Generated by org.testng.reporters.JUnitReportReporter -->
<testsuite hostname="DESKTOP-1MFOLQP" failures="0" tests="1" name="com.capstone_project1.accountdetails" time="13.524" errors="0" timestamp="2024-08-07T13:27:38 IST" skipped="0">
  <testcase classname="com.capstone_project1.accountdetails" name="testLoginAndViewAccountDetails" time="13.524"/>
  <system-out/>
</testsuite> <!-- com.capstone_project1.accountdetails -->
