<?xml version="1.0" encoding="UTF-8"?>
<!-- Generated by org.testng.reporters.JUnitReportReporter -->
<testsuite hostname="DESKTOP-1MFOLQP" failures="0" tests="3" name="com.capstone_project1.login" time="25.768" errors="0" timestamp="2024-08-07T13:30:25 IST" skipped="0">
  <testcase classname="com.capstone_project1.login" name="testInvalidUsernameandpassword" time="8.917"/>
  <system-out/>
  <testcase classname="com.capstone_project1.login" name="testEmptyusernameandpassword" time="7.866"/>
  <system-out/>
  <testcase classname="com.capstone_project1.login" name="testLogin" time="8.985"/>
  <system-out/>
</testsuite> <!-- com.capstone_project1.login -->
