<?xml version="1.0" encoding="UTF-8"?>
<!-- Generated by org.testng.reporters.JUnitReportReporter -->
<testsuite hostname="DESKTOP-1MFOLQP" failures="0" tests="1" name="cart.CartRunnerWrapper" time="201.490" errors="0" timestamp="2024-08-05T09:36:21 IST" skipped="0">
  <testcase classname="cart.CartRunnerWrapper" name="runCart" time="201.490"/>
  <system-out/>
</testsuite> <!-- cart.CartRunnerWrapper -->
