<?xml version="1.0" encoding="UTF-8"?>
<!-- Generated by org.testng.reporters.JUnitReportReporter -->
<testsuite hostname="DESKTOP-1MFOLQP" failures="0" tests="1" name="com.capstone_project1.homepage" time="73.721" errors="0" timestamp="2024-08-07T13:29:29 IST" skipped="0">
  <testcase classname="com.capstone_project1.homepage" name="navigateJPetStore" time="73.721"/>
  <system-out/>
</testsuite> <!-- com.capstone_project1.homepage -->
